<?xml version="1.0" encoding="UTF-8"?>
<!-- Generated by org.testng.reporters.JUnitXMLReporter -->
<testsuite ignored="1" hostname="Fahmidas-MacBook-Air.local" failures="0" tests="2" name="Test" time="10.195" errors="0" timestamp="04 Sep. 2023 00:10:48 GMT">
  <testcase classname="test.loginpageTest" name="lptest" time="0.151"/>
  <testcase classname="test.incorrectpageTest" name="icmtest" time="10.035"/>
  <testcase classname="test.baseTest" name="@BeforeSuite driverSetup" time="0.0">
    <ignored/>
  </testcase> <!-- @BeforeSuite driverSetup -->
</testsuite> <!-- Test -->
